Virtual User Script started at: 12.11.2024 21:47:59
Starting action vuser_init.
Web Turbo Replay of LoadRunner 2020.0.0 for Windows 10; build 793 (ноя 27 2019 19:51:20)  	[MsgId: MMSG-26983]
Run mode: HTML  	[MsgId: MMSG-26993]
Replay user agent: Mozilla/5.0 (Windows NT 10.0; Win64; x64; rv:131.0) Gecko/20100101 Firefox/131.0  	[MsgId: MMSG-26988]
Runtime Settings file: "D:\NT_course\LoadRunner_saves\4_CheckListOfWays\\default.cfg"  	[MsgId: MMSG-27141]
Ending action vuser_init.
Running Vuser...
Starting iteration 1.
Maximum number of concurrent connections per server: 6  	[MsgId: MMSG-26989]
Starting action Action.
Action.c(4): Notify: Transaction "FULL-transaction_CheckListOfWays" started.
Action.c(6): Notify: Transaction "1_transaction_ToWebTours" started.
Action.c(8): web_set_sockets_option started  	[MsgId: MMSG-26355]
Action.c(8): web_set_sockets_option was successful  	[MsgId: MMSG-26392]
Action.c(10): web_add_cookie started  	[MsgId: MMSG-26355]
Action.c(10): web_add_cookie was successful  	[MsgId: MMSG-26392]
Action.c(12): web_add_auto_header("Priority") started  	[MsgId: MMSG-26355]
Action.c(12): web_add_auto_header("Priority") was successful  	[MsgId: MMSG-26392]
Action.c(15): web_add_auto_header("Upgrade-Insecure-Requests") started  	[MsgId: MMSG-26355]
Action.c(15): web_add_auto_header("Upgrade-Insecure-Requests") was successful  	[MsgId: MMSG-26392]
Action.c(19): web_reg_find started  	[MsgId: MMSG-26355]
Action.c(19): Registering web_reg_find was successful  	[MsgId: MMSG-26390]
Action.c(22): web_reg_save_param_regexp started  	[MsgId: MMSG-26355]
Action.c(22): Registering web_reg_save_param_regexp was successful  	[MsgId: MMSG-26390]
Action.c(32): web_reg_save_param_attrib started  	[MsgId: MMSG-26355]
Action.c(32): Registering web_reg_save_param_attrib was successful  	[MsgId: MMSG-26390]
Action.c(43): web_url("welcome.pl") started  	[MsgId: MMSG-26355]
Action.c(43): Detected non-resource "http://localhost:1080/cgi-bin/nav.pl?in=home" in "http://localhost:1080/cgi-bin/welcome.pl?signOff=true"  	[MsgId: MMSG-26574]
Action.c(43): Detected non-resource "http://localhost:1080/WebTours/home.html" in "http://localhost:1080/cgi-bin/welcome.pl?signOff=true"  	[MsgId: MMSG-26574]
Action.c(43): Found resource "http://localhost:1080/WebTours/images/mer_login.gif" in HTML "http://localhost:1080/cgi-bin/nav.pl?in=home"  	[MsgId: MMSG-26659]
Action.c(43): Registered web_reg_find successful for "Text=Welcome to the Web Tours site" (count=1)  	[MsgId: MMSG-26364]
Action.c(43): web_url("welcome.pl") was successful, 4204 body bytes, 1255 header bytes, 24 chunking overhead bytes  	[MsgId: MMSG-26385]
Action.c(53): web_add_cookie started  	[MsgId: MMSG-26355]
Action.c(53): web_add_cookie was successful  	[MsgId: MMSG-26392]
Action.c(55): Notify: Transaction "1_transaction_ToWebTours" ended with a "Pass" status (Duration: 0.3736 Wasted Time: 0.1226).
Action.c(57): Notify: Transaction "2_transaction_Login" started.
Action.c(59): web_add_header("Origin") started  	[MsgId: MMSG-26355]
Action.c(59): web_add_header("Origin") was successful  	[MsgId: MMSG-26392]
Action.c(65): web_reg_find started  	[MsgId: MMSG-26355]
Action.c(65): Registering web_reg_find was successful  	[MsgId: MMSG-26390]
Action.c(67): web_submit_data("login.pl") started  	[MsgId: MMSG-26355]
Action.c(67): Detected non-resource "http://localhost:1080/cgi-bin/nav.pl?page=menu&in=home" in "http://localhost:1080/cgi-bin/login.pl"  	[MsgId: MMSG-26574]
Action.c(67): Detected non-resource "http://localhost:1080/cgi-bin/login.pl?intro=true" in "http://localhost:1080/cgi-bin/login.pl"  	[MsgId: MMSG-26574]
Action.c(67): Found resource "http://localhost:1080/WebTours/images/flights.gif" in HTML "http://localhost:1080/cgi-bin/nav.pl?page=menu&in=home"  	[MsgId: MMSG-26659]
Action.c(67): Found resource "http://localhost:1080/WebTours/images/itinerary.gif" in HTML "http://localhost:1080/cgi-bin/nav.pl?page=menu&in=home"  	[MsgId: MMSG-26659]
Action.c(67): Found resource "http://localhost:1080/WebTours/images/in_home.gif" in HTML "http://localhost:1080/cgi-bin/nav.pl?page=menu&in=home"  	[MsgId: MMSG-26659]
Action.c(67): Found resource "http://localhost:1080/WebTours/images/signoff.gif" in HTML "http://localhost:1080/cgi-bin/nav.pl?page=menu&in=home"  	[MsgId: MMSG-26659]
Action.c(67): Registered web_reg_find successful for "Text=Using the menu to the left" (count=1)  	[MsgId: MMSG-26364]
Action.c(67): web_submit_data("login.pl") was successful, 5780 body bytes, 2045 header bytes, 36 chunking overhead bytes  	[MsgId: MMSG-26385]
Action.c(84): Notify: Transaction "2_transaction_Login" ended with a "Pass" status (Duration: 0.1888 Wasted Time: 0.0062).
Action.c(86): Notify: Transaction "3_transaction_To_Itinerary" started.
Action.c(88): web_remove_auto_header("Upgrade-Insecure-Requests") started  	[MsgId: MMSG-26355]
Action.c(88): Previous automatically added web header for "Upgrade-Insecure-Requests" removed  	[MsgId: MMSG-26587]
Action.c(88): web_remove/revert_auto_header("Upgrade-Insecure-Requests") was successful  	[MsgId: MMSG-26392]
Action.c(90): web_add_header("Upgrade-Insecure-Requests") started  	[MsgId: MMSG-26355]
Action.c(90): web_add_header("Upgrade-Insecure-Requests") was successful  	[MsgId: MMSG-26392]
Action.c(96): web_reg_find started  	[MsgId: MMSG-26355]
Action.c(96): Registering web_reg_find was successful  	[MsgId: MMSG-26390]
Action.c(98): web_url("Itinerary Button") started  	[MsgId: MMSG-26355]
Action.c(98): Detected non-resource "http://localhost:1080/cgi-bin/nav.pl?page=menu&in=itinerary" in "http://localhost:1080/cgi-bin/welcome.pl?page=itinerary"  	[MsgId: MMSG-26574]
Action.c(98): Detected non-resource "http://localhost:1080/cgi-bin/itinerary.pl" in "http://localhost:1080/cgi-bin/welcome.pl?page=itinerary"  	[MsgId: MMSG-26574]
Action.c(98): Found resource "http://localhost:1080/WebTours/images/cancelreservation.gif" in HTML "http://localhost:1080/cgi-bin/itinerary.pl"  	[MsgId: MMSG-26659]
Action.c(98): Found resource "http://localhost:1080/WebTours/images/cancelallreservations.gif" in HTML "http://localhost:1080/cgi-bin/itinerary.pl"  	[MsgId: MMSG-26659]
Action.c(98): Resource "http://localhost:1080/WebTours/images/flights.gif" is in the cache already and will not be downloaded again  	[MsgId: MMSG-26655]
Action.c(98): Found resource "http://localhost:1080/WebTours/images/in_itinerary.gif" in HTML "http://localhost:1080/cgi-bin/nav.pl?page=menu&in=itinerary"  	[MsgId: MMSG-26659]
Action.c(98): Found resource "http://localhost:1080/WebTours/images/home.gif" in HTML "http://localhost:1080/cgi-bin/nav.pl?page=menu&in=itinerary"  	[MsgId: MMSG-26659]
Action.c(98): Resource "http://localhost:1080/WebTours/images/signoff.gif" is in the cache already and will not be downloaded again  	[MsgId: MMSG-26655]
Action.c(98): Registered web_reg_find successful for "Text=Itinerary" (count=3)  	[MsgId: MMSG-26364]
Action.c(98): web_url("Itinerary Button") was successful, 9919 body bytes, 1914 header bytes, 43 chunking overhead bytes  	[MsgId: MMSG-26385]
Action.c(108): Notify: Transaction "3_transaction_To_Itinerary" ended with a "Pass" status (Duration: 0.2206 Wasted Time: 0.0086).
Action.c(110): Notify: Transaction "FULL-transaction_CheckListOfWays" ended with a "Pass" status (Duration: 0.8780 Wasted Time: 0.1374).
Ending action Action.
Ending iteration 1.
Ending Vuser...
Starting action vuser_end.
Ending action vuser_end.
Vuser Terminated.
